This file contains any messages produced by compilers while
running configure, to aid debugging if configure makes a mistake.

It was created by smallpox configure 1.0, which was
generated by GNU Autoconf 2.68.  Invocation command line was

  $ ./configure 

## --------- ##
## Platform. ##
## --------- ##

hostname = darchitect-PC
uname -m = i686
uname -r = 1.7.9(0.237/5/3)
uname -s = CYGWIN_NT-6.1-WOW64
uname -v = 2011-03-29 10:10

/usr/bin/uname -p = unknown
/bin/uname -X     = unknown

/bin/arch              = i686
/usr/bin/arch -k       = unknown
/usr/convex/getsysinfo = unknown
/usr/bin/hostinfo      = unknown
/bin/machine           = unknown
/usr/bin/oslevel       = unknown
/bin/universe          = unknown

PATH: /usr/local/bin
PATH: /usr/bin
PATH: /cygdrive/c/Program Files/Common Files/Microsoft Shared/Windows Live
PATH: /cygdrive/c/Program Files (x86)/Common Files/Microsoft Shared/Windows Live
PATH: /cygdrive/c/Windows/system32
PATH: /cygdrive/c/Windows
PATH: /cygdrive/c/Windows/System32/Wbem
PATH: /cygdrive/c/Windows/System32/WindowsPowerShell/v1.0
PATH: /cygdrive/c/Program Files/WIDCOMM/Bluetooth Software
PATH: /cygdrive/c/Program Files/WIDCOMM/Bluetooth Software/syswow64
PATH: /cygdrive/c/Program Files/Dell/DW WLAN Card
PATH: /cygdrive/c/Program Files (x86)/Common Files/Roxio Shared/DLLShared
PATH: /cygdrive/c/Program Files (x86)/Common Files/Roxio Shared/10.0/DLLShared
PATH: /cygdrive/c/Program Files (x86)/Windows Live/Shared
PATH: /cygdrive/c/Program Files (x86)/Microsoft SQL Server/100/Tools/Binn
PATH: /cygdrive/c/Program Files/Microsoft SQL Server/100/Tools/Binn
PATH: /cygdrive/c/Program Files/Microsoft SQL Server/100/DTS/Binn
PATH: /cygdrive/c/Program Files (x86)/PuTTY
PATH: /usr/bin
PATH: /cygdrive/c/Users/darchitect/Documents/Programming/scripts
PATH: /cygdrive/c/Program Files (x86)/QuickTime/QTSystem
PATH: /cygdrive/c/Program Files/Java/jdk1.6.0_25/bin


## ----------- ##
## Core tests. ##
## ----------- ##

configure:1808: checking build system type
configure:1822: result: i686-pc-cygwin
configure:1842: checking host system type
configure:1855: result: i686-pc-cygwin
configure:1875: checking target system type
configure:1888: result: i686-pc-cygwin
configure:1931: checking for a BSD-compatible install
configure:1999: result: /usr/bin/install -c
configure:2010: checking whether build environment is sane
configure:2060: result: yes
configure:2201: checking for a thread-safe mkdir -p
configure:2240: result: /usr/bin/mkdir -p
configure:2253: checking for gawk
configure:2269: found /usr/bin/gawk
configure:2280: result: gawk
configure:2291: checking whether make sets $(MAKE)
configure:2313: result: yes
configure:2452: checking for g++
configure:2468: found /usr/bin/g++
configure:2479: result: g++
configure:2506: checking for C++ compiler version
configure:2515: g++ --version >&5
g++ (GCC) 4.3.4 20090804 (release) 1
Copyright (C) 2008 Free Software Foundation, Inc.
This is free software; see the source for copying conditions.  There is NO
warranty; not even for MERCHANTABILITY or FITNESS FOR A PARTICULAR PURPOSE.

configure:2526: $? = 0
configure:2515: g++ -v >&5
Using built-in specs.
Target: i686-pc-cygwin
Configured with: /gnu/gcc/releases/respins/4.3.4-4/gcc4-4.3.4-4/src/gcc-4.3.4/configure --srcdir=/gnu/gcc/releases/respins/4.3.4-4/gcc4-4.3.4-4/src/gcc-4.3.4 --prefix=/usr --exec-prefix=/usr --bindir=/usr/bin --sbindir=/usr/sbin --libexecdir=/usr/lib --datadir=/usr/share --localstatedir=/var --sysconfdir=/etc --infodir=/usr/share/info --mandir=/usr/share/man -C --datadir=/usr/share --infodir=/usr/share/info --mandir=/usr/share/man -v --with-gmp=/usr --with-mpfr=/usr --enable-bootstrap --enable-version-specific-runtime-libs --with-slibdir=/usr/bin --libexecdir=/usr/lib --enable-static --enable-shared --enable-shared-libgcc --disable-__cxa_atexit --with-gnu-ld --with-gnu-as --with-dwarf2 --disable-sjlj-exceptions --enable-languages=ada,c,c++,fortran,java,objc,obj-c++ --disable-symvers --enable-libjava --program-suffix=-4 --enable-libgomp --enable-libssp --enable-libada --enable-threads=posix --with-arch=i686 --with-tune=generic --enable-libgcj-sublibs CC=gcc-4 CXX=g++-4 CC_FOR_TARGET=gcc-4 CXX_FOR_TARGET=g++-4 GNATMAKE_FOR_TARGET=gnatmake GNATBIND_FOR_TARGET=gnatbind --with-ecj-jar=/usr/share/java/ecj.jar
Thread model: posix
gcc version 4.3.4 20090804 (release) 1 (GCC) 
configure:2526: $? = 0
configure:2515: g++ -V >&5
g++: '-V' option must have argument
configure:2526: $? = 1
configure:2515: g++ -qversion >&5
g++: unrecognized option '-qversion'
g++: no input files
configure:2526: $? = 1
configure:2546: checking whether the C++ compiler works
configure:2568: g++    conftest.cpp  >&5
configure:2572: $? = 0
configure:2620: result: yes
configure:2623: checking for C++ compiler default output file name
configure:2625: result: a.exe
configure:2631: checking for suffix of executables
configure:2638: g++ -o conftest.exe    conftest.cpp  >&5
configure:2642: $? = 0
configure:2664: result: .exe
configure:2686: checking whether we are cross compiling
configure:2694: g++ -o conftest.exe    conftest.cpp  >&5
configure:2698: $? = 0
configure:2705: ./conftest.exe
configure:2709: $? = 0
configure:2724: result: no
configure:2729: checking for suffix of object files
configure:2751: g++ -c   conftest.cpp >&5
configure:2755: $? = 0
configure:2776: result: o
configure:2780: checking whether we are using the GNU C++ compiler
configure:2799: g++ -c   conftest.cpp >&5
configure:2799: $? = 0
configure:2808: result: yes
configure:2817: checking whether g++ accepts -g
configure:2837: g++ -c -g  conftest.cpp >&5
configure:2837: $? = 0
configure:2878: result: yes
configure:2912: checking for style of include used by make
configure:2940: result: GNU
configure:2965: checking dependency style of g++
configure:3075: result: gcc3
configure:3259: creating ./config.status

## ---------------------- ##
## Running config.status. ##
## ---------------------- ##

This file was extended by smallpox config.status 1.0, which was
generated by GNU Autoconf 2.68.  Invocation command line was

  CONFIG_FILES    = 
  CONFIG_HEADERS  = 
  CONFIG_LINKS    = 
  CONFIG_COMMANDS = 
  $ ./config.status 

on darchitect-PC

config.status:792: creating Makefile
config.status:792: creating moth/build/Makefile
config.status:964: executing depfiles commands

## ---------------- ##
## Cache variables. ##
## ---------------- ##

ac_cv_build=i686-pc-cygwin
ac_cv_cxx_compiler_gnu=yes
ac_cv_env_CCC_set=
ac_cv_env_CCC_value=
ac_cv_env_CPPFLAGS_set=
ac_cv_env_CPPFLAGS_value=
ac_cv_env_CXXFLAGS_set=
ac_cv_env_CXXFLAGS_value=
ac_cv_env_CXX_set=
ac_cv_env_CXX_value=
ac_cv_env_LDFLAGS_set=
ac_cv_env_LDFLAGS_value=
ac_cv_env_LIBS_set=
ac_cv_env_LIBS_value=
ac_cv_env_build_alias_set=
ac_cv_env_build_alias_value=
ac_cv_env_host_alias_set=
ac_cv_env_host_alias_value=
ac_cv_env_target_alias_set=
ac_cv_env_target_alias_value=
ac_cv_exeext=.exe
ac_cv_host=i686-pc-cygwin
ac_cv_objext=o
ac_cv_path_install='/usr/bin/install -c'
ac_cv_path_mkdir=/usr/bin/mkdir
ac_cv_prog_AWK=gawk
ac_cv_prog_ac_ct_CXX=g++
ac_cv_prog_cxx_g=yes
ac_cv_prog_make_make_set=yes
ac_cv_target=i686-pc-cygwin
am_cv_CXX_dependencies_compiler_type=gcc3

## ----------------- ##
## Output variables. ##
## ----------------- ##

ACLOCAL='${SHELL} /cygdrive/c/Users/darchitect/Documents/Programming/workspace/eclipse/myprecious/smallpox/missing --run aclocal-1.11'
AMDEPBACKSLASH='\'
AMDEP_FALSE='#'
AMDEP_TRUE=''
AMTAR='${SHELL} /cygdrive/c/Users/darchitect/Documents/Programming/workspace/eclipse/myprecious/smallpox/missing --run tar'
AUTOCONF='${SHELL} /cygdrive/c/Users/darchitect/Documents/Programming/workspace/eclipse/myprecious/smallpox/missing --run autoconf'
AUTOHEADER='${SHELL} /cygdrive/c/Users/darchitect/Documents/Programming/workspace/eclipse/myprecious/smallpox/missing --run autoheader'
AUTOMAKE='${SHELL} /cygdrive/c/Users/darchitect/Documents/Programming/workspace/eclipse/myprecious/smallpox/missing --run automake-1.11'
AWK='gawk'
CPPFLAGS=''
CXX='g++'
CXXDEPMODE='depmode=gcc3'
CXXFLAGS='-g -O2'
CYGPATH_W='cygpath -w'
DEFS='-DPACKAGE_NAME=\"smallpox\" -DPACKAGE_TARNAME=\"smallpox\" -DPACKAGE_VERSION=\"1.0\" -DPACKAGE_STRING=\"smallpox\ 1.0\" -DPACKAGE_BUGREPORT=\"\" -DPACKAGE_URL=\"\" -DPACKAGE=\"smallpox\" -DVERSION=\"1.0\"'
DEPDIR='.deps'
ECHO_C=''
ECHO_N='-n'
ECHO_T=''
EXEEXT='.exe'
INSTALL_DATA='${INSTALL} -m 644'
INSTALL_PROGRAM='${INSTALL}'
INSTALL_SCRIPT='${INSTALL}'
INSTALL_STRIP_PROGRAM='$(install_sh) -c -s'
LDFLAGS=''
LIBOBJS=''
LIBS=''
LTLIBOBJS=''
MAKEINFO='${SHELL} /cygdrive/c/Users/darchitect/Documents/Programming/workspace/eclipse/myprecious/smallpox/missing --run makeinfo'
MKDIR_P='/usr/bin/mkdir -p'
OBJEXT='o'
PACKAGE='smallpox'
PACKAGE_BUGREPORT=''
PACKAGE_NAME='smallpox'
PACKAGE_STRING='smallpox 1.0'
PACKAGE_TARNAME='smallpox'
PACKAGE_URL=''
PACKAGE_VERSION='1.0'
PATH_SEPARATOR=':'
SET_MAKE=''
SHELL='/bin/sh'
STRIP=''
VERSION='1.0'
ac_ct_CXX='g++'
am__EXEEXT_FALSE='#'
am__EXEEXT_TRUE=''
am__fastdepCXX_FALSE='#'
am__fastdepCXX_TRUE=''
am__include='include'
am__isrc=''
am__leading_dot='.'
am__quote=''
am__tar='${AMTAR} chof - "$$tardir"'
am__untar='${AMTAR} xf -'
bindir='${exec_prefix}/bin'
build='i686-pc-cygwin'
build_alias=''
build_cpu='i686'
build_os='cygwin'
build_vendor='pc'
datadir='${datarootdir}'
datarootdir='${prefix}/share'
docdir='${datarootdir}/doc/${PACKAGE_TARNAME}'
dvidir='${docdir}'
exec_prefix='${prefix}'
host='i686-pc-cygwin'
host_alias=''
host_cpu='i686'
host_os='cygwin'
host_vendor='pc'
htmldir='${docdir}'
includedir='${prefix}/include'
infodir='${datarootdir}/info'
install_sh='${SHELL} /cygdrive/c/Users/darchitect/Documents/Programming/workspace/eclipse/myprecious/smallpox/install-sh'
libdir='${exec_prefix}/lib'
libexecdir='${exec_prefix}/libexec'
localedir='${datarootdir}/locale'
localstatedir='${prefix}/var'
mandir='${datarootdir}/man'
mkdir_p='/usr/bin/mkdir -p'
oldincludedir='/usr/include'
pdfdir='${docdir}'
prefix='/usr/local'
program_transform_name='s,x,x,'
psdir='${docdir}'
sbindir='${exec_prefix}/sbin'
sharedstatedir='${prefix}/com'
sysconfdir='${prefix}/etc'
target='i686-pc-cygwin'
target_alias=''
target_cpu='i686'
target_os='cygwin'
target_vendor='pc'

## ----------- ##
## confdefs.h. ##
## ----------- ##

/* confdefs.h */
#define PACKAGE_NAME "smallpox"
#define PACKAGE_TARNAME "smallpox"
#define PACKAGE_VERSION "1.0"
#define PACKAGE_STRING "smallpox 1.0"
#define PACKAGE_BUGREPORT ""
#define PACKAGE_URL ""
#define PACKAGE "smallpox"
#define VERSION "1.0"

configure: exit 0
